2016-11-14 09:34:05,973 DEBUG [main] c.d.e.PrinterApp [PrinterApp.java:10] Entering main method with args {}
2016-11-14 09:35:03,849 DEBUG [main] c.d.e.PrinterApp [PrinterApp.java:10] Entering main method with args {}
2016-11-14 09:35:50,948 DEBUG [main] c.d.e.PrinterApp [PrinterApp.java:10] Entering main method with args {}
2016-11-14 09:40:42,309 DEBUG [main] c.d.e.PrinterApp [PrinterApp.java:10] Entering main method with args 1
2016-11-14 09:41:18,651 DEBUG [main] c.d.e.PrinterApp [PrinterApp.java:10] Entering main method with args 1
2016-11-14 09:42:37,655 DEBUG [main] c.d.e.PrinterApp [PrinterApp.java:10] Entering main method with args 1
2016-11-14 09:45:57,634 DEBUG [main] c.d.e.PrinterApp [PrinterApp.java:10] Entering main method with args 1
2016-11-14 09:46:29,065 DEBUG [main] c.d.e.PrinterApp [PrinterApp.java:10] Entering main method with args 1
2016-11-14 09:48:12,218 DEBUG [main] c.d.e.PrinterApp [PrinterApp.java:10] Entering main method with args 1
2016-11-14 09:56:03,887 DEBUG [main] c.d.e.PrinterApp [PrinterApp.java:10] Entering main method with args 1
2016-11-14 11:03:28,789 DEBUG [main] c.d.e.PrinterApp [PrinterApp.java:11] Entering main method with args 1
2016-11-20 21:21:50,076 DEBUG [main] c.d.e.EtlApp [EtlApp.java:14] Entering main method with args 1
2016-11-20 21:21:50,084 DEBUG [main] c.d.e.e.Controller [Controller.java:17] entering 
2016-11-20 21:21:50,085 DEBUG [main] c.d.e.e.Controller [Controller.java:18] exit 
2016-11-21 09:49:00,992 DEBUG [main] c.d.e.EtlApp [EtlApp.java:14] Entering main method with args 1
2016-11-21 09:49:01,004 DEBUG [main] c.d.e.e.Controller [Controller.java:17] entering 
2016-11-21 09:49:01,006 DEBUG [main] c.d.e.e.Controller [Controller.java:18] exit 
2016-11-21 11:16:11,299 DEBUG [main] c.d.e.EtlApp [EtlApp.java:16] Entering main method with args 1
2016-11-21 11:16:11,307 DEBUG [main] c.d.e.e.Controller [Controller.java:32] entering 
2016-11-21 11:16:11,307 DEBUG [main] c.d.e.e.Controller [Controller.java:33] exit 
2016-11-25 12:25:54,086 DEBUG [main] c.d.e.EtlApp [EtlApp.java:18] Entering main method with args 1
2016-11-25 12:26:18,909 DEBUG [main] c.d.e.EtlApp [EtlApp.java:18] Entering main method with args 1
2016-11-28 09:18:33,265 DEBUG [main] c.d.e.EtlApp [EtlApp.java:18] Entering main method with args 1
2016-11-28 09:19:52,442 DEBUG [main] c.d.e.EtlApp [EtlApp.java:18] Entering main method with args 1
2016-11-28 09:20:23,606 DEBUG [main] c.d.e.EtlApp [EtlApp.java:18] Entering main method with args 1
2016-11-28 09:21:21,462 DEBUG [main] c.d.e.EtlApp [EtlApp.java:18] Entering main method with args 1
2016-11-28 09:21:36,964 DEBUG [main] c.d.e.EtlApp [EtlApp.java:18] Entering main method with args 1
2016-11-28 09:22:04,640 DEBUG [main] c.d.e.EtlApp [EtlApp.java:18] Entering main method with args 1
2016-11-28 09:45:36,026 DEBUG [main] c.d.e.EtlApp [EtlApp.java:18] Entering main method with args 1
2016-11-28 09:46:16,181 DEBUG [main] c.d.e.EtlApp [EtlApp.java:18] Entering main method with args 1
2016-11-28 09:48:54,897 DEBUG [main] c.d.e.EtlApp [EtlApp.java:18] Entering main method with args 1
2016-11-28 09:49:25,197 DEBUG [main] c.d.e.EtlApp [EtlApp.java:18] Entering main method with args 1
2016-11-28 09:50:15,706 DEBUG [main] c.d.e.EtlApp [EtlApp.java:18] Entering main method with args 1
2016-11-28 09:50:44,965 DEBUG [main] c.d.e.EtlApp [EtlApp.java:18] Entering main method with args 1
2016-11-28 09:50:56,051 DEBUG [main] c.d.e.EtlApp [EtlApp.java:18] Entering main method with args 1
2016-11-28 09:58:17,908 DEBUG [main] c.d.e.EtlApp [EtlApp.java:18] Entering main method with args 1
2016-11-28 09:58:49,492 DEBUG [main] c.d.e.EtlApp [EtlApp.java:18] Entering main method with args 1
2016-11-28 09:59:56,706 DEBUG [main] c.d.e.EtlApp [EtlApp.java:18] Entering main method with args 1
2016-11-28 10:00:11,466 DEBUG [main] c.d.e.EtlApp [EtlApp.java:18] Entering main method with args 1
2016-11-28 10:00:52,617 DEBUG [main] c.d.e.EtlApp [EtlApp.java:18] Entering main method with args 1
2016-11-28 10:01:45,896 DEBUG [main] c.d.e.EtlApp [EtlApp.java:18] Entering main method with args 1
2016-11-28 10:01:56,102 DEBUG [main] c.d.e.EtlApp [EtlApp.java:18] Entering main method with args 1
2016-11-28 10:06:02,873 DEBUG [main] c.d.e.EtlApp [EtlApp.java:18] Entering main method with args 1
2016-11-28 10:06:17,888 DEBUG [main] c.d.e.EtlApp [EtlApp.java:18] Entering main method with args 1
2016-11-28 10:07:47,968 DEBUG [main] c.d.e.EtlApp [EtlApp.java:18] Entering main method with args 1
2016-11-28 10:08:13,393 DEBUG [main] c.d.e.EtlApp [EtlApp.java:18] Entering main method with args 1
2016-11-28 10:08:35,124 DEBUG [main] c.d.e.EtlApp [EtlApp.java:18] Entering main method with args 1
2016-11-28 10:20:13,674 DEBUG [main] c.d.e.EtlApp [EtlApp.java:18] Entering main method with args 1
2016-11-28 10:20:34,598 DEBUG [main] c.d.e.EtlApp [EtlApp.java:18] Entering main method with args 1
2016-11-28 10:34:52,249 DEBUG [main] c.d.e.EtlApp [EtlApp.java:18] Entering main method with args 1
